2015-10-14 19:21:44.735 INFO  (main) [   ] o.e.j.u.log Logging initialized @318ms
2015-10-14 19:21:44.906 INFO  (main) [   ] o.e.j.s.Server jetty-9.2.11.v20150529
2015-10-14 19:21:44.919 WARN  (main) [   ] o.e.j.s.h.RequestLogHandler !RequestLog
2015-10-14 19:21:44.923 INFO  (main) [   ] o.e.j.d.p.ScanningAppProvider Deployment monitor [file:/Users/deshetti/Projects/solr/server/contexts/] at interval 0
2015-10-14 19:21:45.397 INFO  (main) [   ] o.e.j.w.StandardDescriptorProcessor NO JSP Support for /solr, did not find org.apache.jasper.servlet.JspServlet
2015-10-14 19:21:45.406 WARN  (main) [   ] o.e.j.s.SecurityHandler ServletContext@o.e.j.w.WebAppContext@754ba872{/solr,file:/Users/deshetti/Projects/solr/server/solr-webapp/webapp/,STARTING}{/Users/deshetti/Projects/solr/server/solr-webapp/webapp} has uncovered http methods for path: /
2015-10-14 19:21:45.411 INFO  (main) [   ] o.a.s.s.SolrDispatchFilter SolrDispatchFilter.init(): WebAppClassLoader=1540011289@5bcab519
2015-10-14 19:21:45.423 INFO  (main) [   ] o.a.s.c.SolrResourceLoader JNDI not configured for solr (NoInitialContextEx)
2015-10-14 19:21:45.423 INFO  (main) [   ] o.a.s.c.SolrResourceLoader using system property solr.solr.home: /Users/deshetti/projects/solr/server/solr
2015-10-14 19:21:45.425 INFO  (main) [   ] o.a.s.c.SolrResourceLoader new SolrResourceLoader for directory: '/Users/deshetti/projects/solr/server/solr/'
2015-10-14 19:21:45.545 INFO  (main) [   ] o.a.s.c.SolrXmlConfig Loading container configuration from /Users/deshetti/projects/solr/server/solr/solr.xml
2015-10-14 19:21:45.641 INFO  (main) [   ] o.a.s.c.CoresLocator Config-defined core root directory: /Users/deshetti/projects/solr/server/solr
2015-10-14 19:21:45.660 INFO  (main) [   ] o.a.s.c.CoreContainer New CoreContainer 1165303897
2015-10-14 19:21:45.661 INFO  (main) [   ] o.a.s.c.CoreContainer Loading cores into CoreContainer [instanceDir=/Users/deshetti/projects/solr/server/solr/]
2015-10-14 19:21:45.661 INFO  (main) [   ] o.a.s.c.CoreContainer loading shared library: /Users/deshetti/projects/solr/server/solr/lib
2015-10-14 19:21:45.661 WARN  (main) [   ] o.a.s.c.SolrResourceLoader Can't find (or read) directory to add to classloader: lib (resolved as: /Users/deshetti/projects/solr/server/solr/lib).
2015-10-14 19:21:45.674 INFO  (main) [   ] o.a.s.h.c.HttpShardHandlerFactory created with socketTimeout : 600000,connTimeout : 60000,maxConnectionsPerHost : 20,maxConnections : 10000,corePoolSize : 0,maximumPoolSize : 2147483647,maxThreadIdleTime : 5,sizeOfQueue : -1,fairnessPolicy : false,useRetries : false,
2015-10-14 19:21:45.868 INFO  (main) [   ] o.a.s.u.UpdateShardHandler Creating UpdateShardHandler HTTP client with params: socketTimeout=600000&connTimeout=60000&retry=true
2015-10-14 19:21:45.871 INFO  (main) [   ] o.a.s.l.LogWatcher SLF4J impl is org.slf4j.impl.Log4jLoggerFactory
2015-10-14 19:21:45.872 INFO  (main) [   ] o.a.s.l.LogWatcher Registering Log Listener [Log4j (org.slf4j.impl.Log4jLoggerFactory)]
2015-10-14 19:21:45.873 INFO  (main) [   ] o.a.s.c.CoreContainer Security conf doesn't exist. Skipping setup for authorization module.
2015-10-14 19:21:45.873 INFO  (main) [   ] o.a.s.c.CoreContainer No authentication plugin used.
2015-10-14 19:21:45.907 INFO  (main) [   ] o.a.s.c.CoresLocator Looking for core definitions underneath /Users/deshetti/projects/solr/server/solr
2015-10-14 19:21:45.912 INFO  (main) [   ] o.a.s.c.CoresLocator Found 0 core definitions
2015-10-14 19:21:45.917 INFO  (main) [   ] o.a.s.s.SolrDispatchFilter user.dir=/Users/deshetti/Projects/solr/server
2015-10-14 19:21:45.917 INFO  (main) [   ] o.a.s.s.SolrDispatchFilter SolrDispatchFilter.init() done
2015-10-14 19:21:45.933 INFO  (main) [   ] o.e.j.s.h.ContextHandler Started o.e.j.w.WebAppContext@754ba872{/solr,file:/Users/deshetti/Projects/solr/server/solr-webapp/webapp/,AVAILABLE}{/Users/deshetti/Projects/solr/server/solr-webapp/webapp}
2015-10-14 19:21:45.949 INFO  (main) [   ] o.e.j.s.ServerConnector Started ServerConnector@52719fb6{HTTP/1.1}{0.0.0.0:8983}
2015-10-14 19:21:45.950 INFO  (main) [   ] o.e.j.s.Server Started @1534ms
2015-10-14 19:21:58.789 INFO  (ShutdownMonitor) [   ] o.e.j.s.ServerConnector Stopped ServerConnector@52719fb6{HTTP/1.1}{0.0.0.0:8983}
2015-10-14 19:21:58.790 INFO  (ShutdownMonitor) [   ] o.a.s.c.CoreContainer Shutting down CoreContainer instance=1165303897
2015-10-14 19:21:58.792 INFO  (ShutdownMonitor) [   ] o.e.j.s.h.ContextHandler Stopped o.e.j.w.WebAppContext@754ba872{/solr,file:/Users/deshetti/Projects/solr/server/solr-webapp/webapp/,UNAVAILABLE}{/Users/deshetti/Projects/solr/server/solr-webapp/webapp}
